> Task :app:checkKotlinGradlePluginConfigurationErrors
> Task :app:preBuild UP-TO-DATE
> Task :app:preDebugBuild UP-TO-DATE
> Task :app:dataBindingMergeDependencyArtifactsDebug UP-TO-DATE
> Task :app:generateDebugResValues UP-TO-DATE
> Task :app:generateDebugResources UP-TO-DATE
> Task :app:packageDebugResources
> Task :app:parseDebugLocalResources
> Task :app:mapDebugSourceSetPaths
> Task :app:createDebugCompatibleScreenManifests UP-TO-DATE
> Task :app:extractDeepLinksDebug UP-TO-DATE
> Task :app:checkDebugAarMetadata
> Task :app:mergeDebugResources

> Task :app:processDebugMainManifest
package="com.edu.android" found in source AndroidManifest.xml: D:\HPM\AndroidEduProject\app\src\main\AndroidManifest.xml.
Setting the namespace via the package attribute in the source AndroidManifest.xml is no longer supported, and the value is ignored.
Recommendation: remove package="com.edu.android" from the source AndroidManifest.xml: D:\HPM\AndroidEduProject\app\src\main\AndroidManifest.xml.

> Task :app:dataBindingGenBaseClassesDebug
> Task :app:processDebugManifest
> Task :app:javaPreCompileDebug UP-TO-DATE
> Task :app:mergeDebugShaders UP-TO-DATE
> Task :app:compileDebugShaders NO-SOURCE
> Task :app:generateDebugAssets UP-TO-DATE
> Task :app:mergeDebugAssets UP-TO-DATE
> Task :app:compressDebugAssets UP-TO-DATE
> Task :app:desugarDebugFileDependencies UP-TO-DATE
> Task :app:mergeDebugJniLibFolders UP-TO-DATE
> Task :app:mergeDebugNativeLibs NO-SOURCE
> Task :app:stripDebugDebugSymbols NO-SOURCE
> Task :app:validateSigningDebug UP-TO-DATE
> Task :app:writeDebugAppMetadata UP-TO-DATE
> Task :app:writeDebugSigningConfigVersions UP-TO-DATE
> Task :app:processDebugManifestForPackage
> Task :app:checkDebugDuplicateClasses
> Task :app:processDebugResources
> Task :app:mergeLibDexDebug UP-TO-DATE

> Task :app:compileDebugKotlin
e: file:///D:/HPM/AndroidEduProject/app/src/main/java/com/edu/android/MainActivity.kt:30:47 Unresolved reference: Bundle
e: file:///D:/HPM/AndroidEduProject/app/src/main/java/com/edu/android/MainActivity.kt:142:59 Unresolved reference: background

> Task :app:compileDebugKotlin FAILED
> Task :app:mergeExtDexDebug
[Incubating] Problems report is available at: file:///D:/HPM/AndroidEduProject/build/reports/problems/problems-report.html

FAILURE: Build failed with an exception.

* What went wrong:
Execution failed for task ':app:compileDebugKotlin'.
> A failure occurred while executing org.jetbrains.kotlin.compilerRunner.GradleCompilerRunnerWithWorkers$GradleKotlinCompilerWorkAction
   > Compilation error. See log for more details

* Try:
> Run with --stacktrace option to get the stack trace.
> Run with --info or --debug option to get more log output.
> Run with --scan to get full insights.
> Get more help at https://help.gradle.org.

Deprecated Gradle features were used in this build, making it incompatible with Gradle 9.0.

You can use '--warning-mode all' to show the individual deprecation warnings and determine if they come from your own scripts or plugins.

For more on this, please refer to https://docs.gradle.org/8.11.1/userguide/command_line_interface.html#sec:command_line_warnings in the Gradle documentation.

BUILD FAILED in 22s
28 actionable tasks: 14 executed, 14 up-to-date
